<?xml version="1.0" encoding="UTF-8"?>
<testsuite name="TestSuite" time="3.728" tests="5" errors="0" skipped="0" failures="4">
  <properties>
[...]
</properties>
  <testcase name="loginTest" classname="com.inetbanking.testcases.TC_001_LoginTest" time="1.093">
    <failure message="unexpected alert open: {Alert text : User or Password is not valid}&#10;  (Session info: chrome=99.0.4844.84): User or Password is not valid&#10;Build info: version: &apos;4.0.0&apos;, revision: &apos;3a21814679&apos;&#10;System info: host: &apos;LAPTOP-TKMEP63N&apos;, ip: &apos;192.168.1.100&apos;, os.name: &apos;Windows 10&apos;, os.arch: &apos;amd64&apos;, os.version: &apos;10.0&apos;, java.version: &apos;11.0.13&apos;&#10;Driver info: org.openqa.selenium.chrome.ChromeDriver&#10;Command: [145df44634406eca245297134bc1a1d2, getTitle {}]&#10;Capabilities {acceptInsecureCerts: false, browserName: chrome, browserVersion: 99.0.4844.84, chrome: {chromedriverVersion: 99.0.4844.51 (d537ec02474b5..., userDataDir: C:\WINDOWS\TEMP\scoped_dir3...}, goog:chromeOptions: {debuggerAddress: localhost:65495}, javascriptEnabled: true, networkConnectionEnabled: false, pageLoadStrategy: normal, platform: WINDOWS, platformName: WINDOWS, proxy: Proxy(), se:cdp: ws://localhost:65495/devtoo..., se:cdpVersion: 99.0.4844.84, setWindowRect: true, strictFileInteractability: false, timeouts: {implicit: 0, pageLoad: 300000, script: 30000}, unhandledPromptBehavior: dismiss and notify, webauthn:extension:credBlob: true, webauthn:extension:largeBlob: true, webauthn:virtualAuthenticators: true}&#10;Session ID: 145df44634406eca245297134bc1a1d2" type="org.openqa.selenium.UnhandledAlertException">org.openqa.selenium.UnhandledAlertException: unexpected alert open: {Alert text : User or Password is not valid}
  (Session info: chrome=99.0.4844.84): User or Password is not valid
Build info: version: '4.0.0', revision: '3a21814679'
System info: host: 'LAPTOP-TKMEP63N', ip: '192.168.1.100', os.name: 'Windows 10', os.arch: 'amd64', os.version: '10.0', java.version: '11.0.13'
Driver info: org.openqa.selenium.chrome.ChromeDriver
Command: [145df44634406eca245297134bc1a1d2, getTitle {}]
Capabilities {acceptInsecureCerts: false, browserName: chrome, browserVersion: 99.0.4844.84, chrome: {chromedriverVersion: 99.0.4844.51 (d537ec02474b5..., userDataDir: C:\WINDOWS\TEMP\scoped_dir3...}, goog:chromeOptions: {debuggerAddress: localhost:65495}, javascriptEnabled: true, networkConnectionEnabled: false, pageLoadStrategy: normal, platform: WINDOWS, platformName: WINDOWS, proxy: Proxy(), se:cdp: ws://localhost:65495/devtoo..., se:cdpVersion: 99.0.4844.84, setWindowRect: true, strictFileInteractability: false, timeouts: {implicit: 0, pageLoad: 300000, script: 30000}, unhandledPromptBehavior: dismiss and notify, webauthn:extension:credBlob: true, webauthn:extension:largeBlob: true, webauthn:virtualAuthenticators: true}
Session ID: 145df44634406eca245297134bc1a1d2
	at org.openqa.selenium.remote.codec.w3c.W3CHttpResponseCodec.decode(W3CHttpResponseCodec.java:131)
	at org.openqa.selenium.remote.codec.w3c.W3CHttpResponseCodec.decode(W3CHttpResponseCodec.java:53)
	at org.openqa.selenium.remote.HttpCommandExecutor.execute(HttpCommandExecutor.java:184)
	at org.openqa.selenium.remote.service.DriverCommandExecutor.invokeExecute(DriverCommandExecutor.java:164)
	at org.openqa.selenium.remote.service.DriverCommandExecutor.execute(DriverCommandExecutor.java:139)
	at org.openqa.selenium.remote.RemoteWebDriver.execute(RemoteWebDriver.java:559)
	at org.openqa.selenium.remote.RemoteWebDriver.execute(RemoteWebDriver.java:614)
	at org.openqa.selenium.remote.RemoteWebDriver.execute(RemoteWebDriver.java:618)
	at org.openqa.selenium.remote.RemoteWebDriver.getTitle(RemoteWebDriver.java:333)
	at com.inetbanking.testcases.TC_001_LoginTest.loginTest(TC_001_LoginTest.java:31)
</failure>
    <system-out><![CDATA[ INFO [main] (WebDriverManager.java:966)- Using chromedriver 99.0.4844.51 (resolved driver for Chrome 99)
 INFO [main] (WebDriverManager.java:1021)- Exporting webdriver.chrome.driver as C:\WINDOWS\system32\config\systemprofile\.cache\selenium\chromedriver\win32\99.0.4844.51\chromedriver.exe
 INFO [main] (BaseClass.java:52)- Chrome Driver Launched
 INFO [main] (TC_001_LoginTest.java:16)- URL is opening
 INFO [main] (TC_001_LoginTest.java:23)- Entered Username
 INFO [main] (TC_001_LoginTest.java:27)- Entered Password
]]></system-out>
    <system-err><![CDATA[Starting ChromeDriver 99.0.4844.51 (d537ec02474b5afe23684e7963d538896c63ac77-refs/branch-heads/4844@{#875}) on port 52414
Only local connections are allowed.
Please see https://chromedriver.chromium.org/security-considerations for suggestions on keeping ChromeDriver safe.
ChromeDriver was started successfully.
Apr 05, 2022 12:24:08 PM org.openqa.selenium.remote.ProtocolHandshake createSession
INFO: Detected dialect: W3C
Apr 05, 2022 12:24:09 PM org.openqa.selenium.devtools.CdpVersionFinder findNearestMatch
WARNING: Unable to find an exact match for CDP version 99, so returning the closest version found: 95
Apr 05, 2022 12:24:09 PM org.openqa.selenium.devtools.CdpVersionFinder findNearestMatch
INFO: Found CDP implementation for version 99 of 95
]]></system-err>
  </testcase>
  <testcase name="loginDDT" classname="com.inetbanking.testcases.TC_002_LoginDDT" time="2.635">
    <failure message="expected [true] but found [false]" type="java.lang.AssertionError">java.lang.AssertionError: expected [true] but found [false]
	at org.testng.Assert.fail(Assert.java:99)
	at org.testng.Assert.failNotEquals(Assert.java:1037)
	at org.testng.Assert.assertTrue(Assert.java:45)
	at org.testng.Assert.assertTrue(Assert.java:55)
	at com.inetbanking.testcases.TC_002_LoginDDT.loginDDT(TC_002_LoginDDT.java:29)
</failure>
    <system-out><![CDATA[Report SS PATH : C:\eclipse-workspace\GitDemo\iNetBanking\Screenshots\loginTest.png
 INFO [main] (BaseClass.java:71)- Broser Closed Successfully
 INFO [main] (WebDriverManager.java:966)- Using chromedriver 99.0.4844.51 (resolved driver for Chrome 99)
 INFO [main] (WebDriverManager.java:1021)- Exporting webdriver.chrome.driver as C:\WINDOWS\system32\config\systemprofile\.cache\selenium\chromedriver\win32\99.0.4844.51\chromedriver.exe
 INFO [main] (BaseClass.java:52)- Chrome Driver Launched
 INFO [main] (TC_002_LoginDDT.java:55)- The total Num of Row :4 and Total Num of Column is: 2
 INFO [main] (TC_002_LoginDDT.java:20)- User Name Entered as: mngr391725
 INFO [main] (TC_002_LoginDDT.java:22)- Password Entered as: mUvYqAp
]]></system-out>
    <system-err><![CDATA[Starting ChromeDriver 99.0.4844.51 (d537ec02474b5afe23684e7963d538896c63ac77-refs/branch-heads/4844@{#875}) on port 51646
Only local connections are allowed.
Please see https://chromedriver.chromium.org/security-considerations for suggestions on keeping ChromeDriver safe.
ChromeDriver was started successfully.
Apr 05, 2022 12:24:17 PM org.openqa.selenium.remote.ProtocolHandshake createSession
INFO: Detected dialect: W3C
Apr 05, 2022 12:24:17 PM org.openqa.selenium.devtools.CdpVersionFinder findNearestMatch
WARNING: Unable to find an exact match for CDP version 99, so returning the closest version found: 95
Apr 05, 2022 12:24:17 PM org.openqa.selenium.devtools.CdpVersionFinder findNearestMatch
INFO: Found CDP implementation for version 99 of 95
]]></system-err>
  </testcase>
  <testcase name="loginDDT" classname="com.inetbanking.testcases.TC_002_LoginDDT" time="2.953">
    <failure message="expected [true] but found [false]" type="java.lang.AssertionError">java.lang.AssertionError: expected [true] but found [false]
	at org.testng.Assert.fail(Assert.java:99)
	at org.testng.Assert.failNotEquals(Assert.java:1037)
	at org.testng.Assert.assertTrue(Assert.java:45)
	at org.testng.Assert.assertTrue(Assert.java:55)
	at com.inetbanking.testcases.TC_002_LoginDDT.loginDDT(TC_002_LoginDDT.java:29)
</failure>
    <system-out><![CDATA[Report SS PATH : C:\eclipse-workspace\GitDemo\iNetBanking\Screenshots\loginDDT.png
 INFO [main] (TC_002_LoginDDT.java:20)- User Name Entered as: mngr393456
 INFO [main] (TC_002_LoginDDT.java:22)- Password Entered as: UgEmap1
]]></system-out>
  </testcase>
  <testcase name="loginDDT" classname="com.inetbanking.testcases.TC_002_LoginDDT" time="6.313"/>
  <testcase name="loginDDT" classname="com.inetbanking.testcases.TC_002_LoginDDT" time="2.877">
    <failure message="expected [true] but found [false]" type="java.lang.AssertionError">java.lang.AssertionError: expected [true] but found [false]
	at org.testng.Assert.fail(Assert.java:99)
	at org.testng.Assert.failNotEquals(Assert.java:1037)
	at org.testng.Assert.assertTrue(Assert.java:45)
	at org.testng.Assert.assertTrue(Assert.java:55)
	at com.inetbanking.testcases.TC_002_LoginDDT.loginDDT(TC_002_LoginDDT.java:29)
</failure>
    <system-out><![CDATA[ INFO [main] (TC_002_LoginDDT.java:20)- User Name Entered as: mngr391725
 INFO [main] (TC_002_LoginDDT.java:22)- Password Entered as: mUvYqA1
]]></system-out>
  </testcase>
</testsuite>